<?xml version="1.0" encoding="UTF-8"?>
<!-- Generated by org.testng.reporters.JUnitReportReporter -->
<testsuite hostname="DESKTOP-BOS5N1B" failures="0" tests="1" name="SalesforceSeptember.LoginSalesForce" time="14.765" errors="0" timestamp="2023-11-06T21:52:24 CST" skipped="0">
  <testcase classname="SalesforceSeptember.LoginSalesForce" name="Forgotpassword4a" time="14.765"/>
  <system-out/>
</testsuite> <!-- SalesforceSeptember.LoginSalesForce -->
